\BOOKMARK [0][-]{part.1}{I Review of the theory}{}% 1
\BOOKMARK [1][-]{section.1}{Introduction}{part.1}% 2
\BOOKMARK [2][-]{subsection.1.1}{Deformation theory and cosmology}{section.1}% 3
\BOOKMARK [2][-]{subsection.1.2}{Fluids and solids}{section.1}% 4
\BOOKMARK [2][-]{subsection.1.3}{Conventions and outline}{section.1}% 5
\BOOKMARK [1][-]{section.2}{Describing non-linear materials}{part.1}% 6
\BOOKMARK [2][-]{subsection.2.1}{The material manifold, particle number density, and map}{section.2}% 7
\BOOKMARK [2][-]{subsection.2.2}{Material metric}{section.2}% 8
\BOOKMARK [2][-]{subsection.2.3}{Material covariant derivative}{section.2}% 9
\BOOKMARK [1][-]{section.3}{Quantifying the state of the material}{part.1}% 10
\BOOKMARK [2][-]{subsection.3.1}{The equation of state and material action}{section.3}% 11
\BOOKMARK [2][-]{subsection.3.2}{Variation of the material action and measure-weighted variation}{section.3}% 12
\BOOKMARK [2][-]{subsection.3.3}{The energy-momentum tensor}{section.3}% 13
\BOOKMARK [1][-]{section.4}{Equation of motion and propagation of sound}{part.1}% 14
\BOOKMARK [2][-]{subsection.4.1}{Equations of motion from the action}{section.4}% 15
\BOOKMARK [2][-]{subsection.4.2}{The solid equations}{section.4}% 16
\BOOKMARK [2][-]{subsection.4.3}{Speed of sound}{section.4}% 17
\BOOKMARK [1][-]{section.5}{The isotropic solid}{part.1}% 18
\BOOKMARK [2][-]{subsection.5.1}{Constructing scalar invariants}{section.5}% 19
\BOOKMARK [2][-]{subsection.5.2}{The action of an isotropic solid}{section.5}% 20
\BOOKMARK [2][-]{subsection.5.3}{Example equations of state}{section.5}% 21
\BOOKMARK [3][-]{subsubsection.5.3.1}{The Carter-Quintana perfect solid}{subsection.5.3}% 22
\BOOKMARK [3][-]{subsubsection.5.3.2}{Karlovini and Samuelsson's solid}{subsection.5.3}% 23
\BOOKMARK [1][-]{section.6}{Perturbed solids}{part.1}% 24
\BOOKMARK [2][-]{subsection.6.1}{Non-relativistic solids}{section.6}% 25
\BOOKMARK [2][-]{subsection.6.2}{Relativistic solids}{section.6}% 26
\BOOKMARK [3][-]{subsubsection.6.2.1}{Lagrangian and Eulerian variations}{subsection.6.2}% 27
\BOOKMARK [3][-]{subsubsection.6.2.2}{The perturbed energy-momentum tensor}{subsection.6.2}% 28
\BOOKMARK [2][-]{subsection.6.3}{Deformations about a relaxed state}{section.6}% 29
\BOOKMARK [3][-]{subsubsection.6.3.1}{Example from non-linear sigma models}{subsection.6.3}% 30
\BOOKMARK [3][-]{subsubsection.6.3.2}{Deformations of the material}{subsection.6.3}% 31
\BOOKMARK [1][-]{section.7}{Final remarks}{part.1}% 32
\BOOKMARK [0][-]{part.2}{II Applications, examples, and extensions}{}% 33
\BOOKMARK [1][-]{subsection.7.1}{Exact non-linear equations of motion}{part.2}% 34
\BOOKMARK [1][-]{section.8}{Application to general isotropic configurations of elastic solids}{part.2}% 35
\BOOKMARK [2][-]{subsection.8.1}{Eigenvalue decomposition}{section.8}% 36
\BOOKMARK [2][-]{subsection.8.2}{Static spherically symmetric configurations}{section.8}% 37
\BOOKMARK [3][-]{subsubsection.8.2.1}{My spherical symmetry calculations}{subsection.8.2}% 38
\BOOKMARK [2][-]{subsection.8.3}{Stars immersed in an elastic solid}{section.8}% 39
\BOOKMARK [3][-]{subsubsection.8.3.1}{Example model}{subsection.8.3}% 40
\BOOKMARK [1][-]{section.9}{Mixing solids, fluids, and scalar fields}{part.2}% 41
\BOOKMARK [2][-]{subsection.9.1}{Solids and fluids}{section.9}% 42
\BOOKMARK [2][-]{subsection.9.2}{Solids and scalar fields}{section.9}% 43
\BOOKMARK [2][-]{subsection.9.3}{Hyper-elasticity as a road to mixing scalars and solids}{section.9}% 44
\BOOKMARK [3][-]{subsubsection.9.3.1}{Hyper-elasticity}{subsection.9.3}% 45
\BOOKMARK [3][-]{subsubsection.9.3.2}{The symplectic current, and evaluation of sound speeds}{subsection.9.3}% 46
\BOOKMARK [3][-]{subsubsection.9.3.3}{Separable case}{subsection.9.3}% 47
\BOOKMARK [3][-]{subsubsection.9.3.4}{Reduction to the fluid case}{subsection.9.3}% 48
\BOOKMARK [3][-]{subsubsection.9.3.5}{Non-separable case}{subsection.9.3}% 49
\BOOKMARK [2][-]{subsection.9.4}{Generalization away from orthogonal mappings}{section.9}% 50
\BOOKMARK [1][-]{section.10}{Final discussion}{part.2}% 51
\BOOKMARK [1][-]{section.10}{References}{part.2}% 52
