This is pdfTeX, Version 3.14159265-2.6-1.40.15 (TeX Live 2014) (preloaded format=pdflatex 2014.10.17)  4 DEC 2014 09:23
entering extended mode
 restricted \write18 enabled.
 file:line:error style messages enabled.
 %&-line parsing enabled.
**nonlinelasticity_content.tex
(./nonlinelasticity_content.tex
LaTeX2e <2014/05/01>
Babel <3.9k> and hyphenation patterns for 78 languages loaded.
./nonlinelasticity_content.tex:2: Undefined control sequence.
l.2 \section
            {Introduction}
? 
./nonlinelasticity_content.tex:2: Emergency stop.
l.2 \section
            {Introduction}
End of file on the terminal!

 
Here is how much of TeX's memory you used:
 5 strings out of 493117
 195 string characters out of 6135432
 52909 words of memory out of 5000000
 3568 multiletter control sequences out of 15000+600000
 3640 words of font info for 14 fonts, out of 8000000 for 9000
 1141 hyphenation exceptions out of 8191
 8i,0n,2p,53b,12s stack positions out of 5000i,500n,10000p,200000b,80000s
./nonlinelasticity_content.tex:2:  ==> Fatal error occurred, no output PDF file
 produced!
