\BOOKMARK [1][-]{section.1}{Introduction}{}% 1
\BOOKMARK [2][-]{subsection.1.1}{Deformation theory and cosmology}{section.1}% 2
\BOOKMARK [2][-]{subsection.1.2}{Fluids and solids}{section.1}% 3
\BOOKMARK [2][-]{subsection.1.3}{Conventions}{section.1}% 4
\BOOKMARK [1][-]{section.2}{Describing non-linear materials}{}% 5
\BOOKMARK [2][-]{subsection.2.1}{The material manifold, particle number density, and map}{section.2}% 6
\BOOKMARK [2][-]{subsection.2.2}{Material metric}{section.2}% 7
\BOOKMARK [2][-]{subsection.2.3}{Material covariant derivative}{section.2}% 8
\BOOKMARK [1][-]{section.3}{Quantifying the state of the material}{}% 9
\BOOKMARK [2][-]{subsection.3.1}{Constant volume shear tensor}{section.3}% 10
\BOOKMARK [2][-]{subsection.3.2}{The equation of state and material action}{section.3}% 11
\BOOKMARK [2][-]{subsection.3.3}{Variation of the material action and measure-weighted variation}{section.3}% 12
\BOOKMARK [2][-]{subsection.3.4}{The energy-momentum tensor}{section.3}% 13
\BOOKMARK [1][-]{section.4}{Equation of motion and propagation of sound}{}% 14
\BOOKMARK [2][-]{subsection.4.1}{Equations of motion from the action}{section.4}% 15
\BOOKMARK [2][-]{subsection.4.2}{The fluid equations}{section.4}% 16
\BOOKMARK [2][-]{subsection.4.3}{Speed of sound}{section.4}% 17
\BOOKMARK [1][-]{section.5}{The isotropic solid}{}% 18
\BOOKMARK [2][-]{subsection.5.1}{Constructing scalar invariants}{section.5}% 19
\BOOKMARK [2][-]{subsection.5.2}{The action of an isotropic solid}{section.5}% 20
\BOOKMARK [2][-]{subsection.5.3}{Example equation of state}{section.5}% 21
\BOOKMARK [1][-]{section.6}{The Carter-Quintana perfect solid}{}% 22
\BOOKMARK [2][-]{subsection.6.1}{Strain and shear tensors}{section.6}% 23
\BOOKMARK [2][-]{subsection.6.2}{The equation of state}{section.6}% 24
\BOOKMARK [2][-]{subsection.6.3}{The energy-momentum tensor}{section.6}% 25
\BOOKMARK [2][-]{subsection.6.4}{Slow roll parameter}{section.6}% 26
\BOOKMARK [1][-]{section.7}{The solid action}{}% 27
\BOOKMARK [2][-]{subsection.7.1}{Derivative counting}{section.7}% 28
\BOOKMARK [2][-]{subsection.7.2}{The quasi-Hookean solid}{section.7}% 29
\BOOKMARK [2][-]{subsection.7.3}{Solid \040fluid \040}{section.7}% 30
\BOOKMARK [1][-]{section.8}{Perturbed solids}{}% 31
\BOOKMARK [2][-]{subsection.8.1}{Non-relativistic solids}{section.8}% 32
\BOOKMARK [2][-]{subsection.8.2}{Relativistic solids}{section.8}% 33
\BOOKMARK [3][-]{subsubsection.8.2.1}{Lagrangian and Eulerian variations}{subsection.8.2}% 34
\BOOKMARK [3][-]{subsubsection.8.2.2}{The perturbed energy-momentum tensor}{subsection.8.2}% 35
\BOOKMARK [2][-]{subsection.8.3}{Deformations about a relaxed state}{section.8}% 36
\BOOKMARK [3][-]{subsubsection.8.3.1}{Example from non-linear sigma models}{subsection.8.3}% 37
\BOOKMARK [3][-]{subsubsection.8.3.2}{Deformations of the material}{subsection.8.3}% 38
\BOOKMARK [1][-]{section.9}{Final remarks}{}% 39
\BOOKMARK [1][-]{section.9}{References}{}% 40
